Arguments: 
  /home/amv2/.nvm/versions/node/v16.14.2/bin/node /usr/share/yarn/bin/yarn.js add --dev @chainlink/contracts @openzeppelin contracts @nomiclabs/hardhat-ethers @nomiclabs/hardhat-etherscan @nomiclabs/hardhat-waffle chai dotenv ethereum-waffle ethers hardhat hardhat-deploy hardhat-gas-reporter solidity-coverage

PATH: 
  /home/amv2/.nvm/versions/node/v16.14.2/bin:/home/amv2/.vscode-server/bin/4af164ea3a06f701fe3e89a2bcbb421d2026b68f/bin/remote-cli:/home/amv2/.local/bin:/home/amv2/.cargo/bin:/usr/local/sbin:/usr/local/bin:/usr/sbin:/usr/bin:/sbin:/bin:/usr/games:/usr/local/games:/usr/lib/wsl/lib:/mnt/c/Program Files (x86)/VMware/VMware Player/bin/:/mnt/c/Python/Python391/Scripts/:/mnt/c/Python/Python391/:/mnt/c/Program Files/Common Files/Oracle/Java/javapath:/mnt/c/Program Files (x86)/Common Files/Oracle/Java/javapath:/mnt/c/WINDOWS/system32:/mnt/c/WINDOWS:/mnt/c/WINDOWS/System32/Wbem:/mnt/c/WINDOWS/System32/WindowsPowerShell/v1.0/:/mnt/c/WINDOWS/System32/OpenSSH/:/mnt/c/Program Files/Git/cmd:/mnt/c/Program Files/nodejs/:/mnt/c/Program Files/MATLAB/R2021b/bin:/mnt/c/Users/abmos/AppData/Local/Microsoft/WindowsApps:/mnt/c/Program Files/Java/jdk-15/bin:/mnt/c/Program Files/JetBrains/CLion 2020.3.1/bin:/mnt/c/Users/abmos/AppData/Local/Programs/Microsoft VS Code/bin:/mnt/c/MinGW/bin:/mnt/c/Users/abmos/Android/flutter/bin:/mnt/c/Users/abmos/AppData/Local/Android/tools:/mnt/c/Users/abmos/AppData/Local/Android/platform-tools:/mnt/c/Users/abmos/AppData/Roaming/npm:/mnt/c/Program Files/nodejs:/mnt/c/altera/13.0sp1/modelsim_ase/win32aloem:/mnt/c/Users/abmos/AppData/Local/Microsoft/WindowsApps:/mnt/c/Users/abmos/AppData/Local/atom/bin:/snap/bin:/home/amv2/.local/bin:/home/amv2/.foundry/bin:/home/amv2/.local/bin:/home/amv2/.local/bin:/home/amv2/.foundry/bin

Yarn version: 
  1.22.19

Node version: 
  16.14.2

Platform: 
  linux x64

Trace: 
  Error: https://registry.yarnpkg.com/@openzeppelin: Request "https://registry.yarnpkg.com/@openzeppelin" returned a 405
      at Request.params.callback [as _callback] (/usr/share/yarn/lib/cli.js:66154:18)
      at Request.self.callback (/usr/share/yarn/lib/cli.js:140890:22)
      at Request.emit (node:events:526:28)
      at Request.<anonymous> (/usr/share/yarn/lib/cli.js:141862:10)
      at Request.emit (node:events:526:28)
      at IncomingMessage.<anonymous> (/usr/share/yarn/lib/cli.js:141784:12)
      at Object.onceWrapper (node:events:645:28)
      at IncomingMessage.emit (node:events:538:35)
      at endReadableNT (node:internal/streams/readable:1345:12)
      at processTicksAndRejections (node:internal/process/task_queues:83:21)

npm manifest: 
  {
    "name": "hardhat-skeleton-kit",
    "author": "amv2",
    "version": "1.0.0",
    "devDependencies": {},
    "scripts": {
      "test": "yarn hardhat test",
      "test:staging": "yarn hardhat test --network rinkeby",
      "lint": "yarn solhint 'contracts/*.sol'",
      "lint:fix": "yarn solhint 'contracts/*.sol' --fix",
      "format": "yarn prettier --write .",
      "coverage": "yarn hardhat coverage"
    }
  }

yarn manifest: 
  No manifest

Lockfile: 
  No lockfile
